[16Feb2025 00:00:58.195] [Server thread/INFO] [net.minecraft.server.dedicated.DedicatedServer/]: The_Dragon_589 has made the advancement [Diamonds!]
[16Feb2025 00:01:55.179] [Server thread/INFO] [net.minecraft.server.dedicated.DedicatedServer/]: zalvro has made the advancement [A Seedy Place]
[16Feb2025 00:01:58.725] [Server thread/WARN] [net.minecraft.server.level.ServerPlayerGameMode/]: Mismatch in destroy block pos: BlockPos{x=-78, y=118, z=721} BlockPos{x=-78, y=117, z=721}
[16Feb2025 00:02:18.073] [Server thread/INFO] [net.minecraft.server.dedicated.DedicatedServer/]: <The_Dragon_589> XDDDDD
[16Feb2025 00:03:00.731] [Server thread/INFO] [net.minecraft.server.dedicated.DedicatedServer/]: [The_Dragon_589: Teleported The_Dragon_589 to zalvro]
[16Feb2025 00:03:18.221] [Server thread/INFO] [net.minecraft.server.dedicated.DedicatedServer/]: <The_Dragon_589> a ca hay
[16Feb2025 00:04:13.550] [Server thread/INFO] [net.minecraft.server.dedicated.DedicatedServer/]: <The_Dragon_589> una negra
[16Feb2025 00:04:32.971] [Server thread/INFO] [net.minecraft.server.dedicated.DedicatedServer/]: <The_Dragon_589> lo puedes llevar en la mano
[16Feb2025 00:04:54.438] [Server thread/INFO] [net.minecraft.server.dedicated.DedicatedServer/]: <The_Dragon_589> en configuraciones de teclas busca en carry on
[16Feb2025 00:05:02.659] [Server thread/INFO] [net.minecraft.server.dedicated.DedicatedServer/]: <The_Dragon_589> y configura una tecla
[16Feb2025 00:05:22.407] [Server thread/INFO] [net.minecraft.server.dedicated.DedicatedServer/]: <The_Dragon_589> y junto a la tecla usas el click derecho
[16Feb2025 00:05:33.816] [Server thread/INFO] [net.minecraft.server.dedicated.DedicatedServer/]: [The_Dragon_589: Teleported The_Dragon_589 to zalvro]
[16Feb2025 00:06:06.850] [Server thread/INFO] [net.minecraft.server.dedicated.DedicatedServer/]: <The_Dragon_589> creo q era la B
[16Feb2025 00:06:35.766] [Server thread/INFO] [net.minecraft.server.dedicated.DedicatedServer/]: <The_Dragon_589> es con mayus izq
[16Feb2025 00:08:30.159] [Server thread/INFO] [net.minecraft.server.dedicated.DedicatedServer/]: <The_Dragon_589> intenta agarrar a una oveja agachandote
[16Feb2025 00:08:37.205] [Server thread/INFO] [net.minecraft.server.dedicated.DedicatedServer/]: <The_Dragon_589> :O
[16Feb2025 00:08:45.902] [Server thread/INFO] [net.minecraft.server.dedicated.DedicatedServer/]: <The_Dragon_589> XDDDDD
[16Feb2025 00:08:56.543] [Server thread/INFO] [net.minecraft.server.dedicated.DedicatedServer/]: <The_Dragon_589> aprovecha
[16Feb2025 00:10:17.910] [Server thread/INFO] [net.minecraft.server.dedicated.DedicatedServer/]: <The_Dragon_589> puedes agarrar a las ovejas agachandote???
[16Feb2025 00:11:09.426] [Server thread/WARN] [net.minecraft.server.level.ServerPlayerGameMode/]: Mismatch in destroy block pos: BlockPos{x=59, y=77, z=868} BlockPos{x=59, y=76, z=868}
[16Feb2025 00:12:14.270] [Server thread/INFO] [net.minecraft.server.dedicated.DedicatedServer/]: zalvro has made the advancement [The Parrots and the Bats]
[16Feb2025 00:12:27.685] [Server thread/INFO] [net.minecraft.server.dedicated.DedicatedServer/]: <The_Dragon_589> hambrita
[16Feb2025 00:12:44.920] [Server thread/INFO] [net.minecraft.server.dedicated.DedicatedServer/]: <The_Dragon_589> insesto
[16Feb2025 00:14:29.262] [Server thread/INFO] [net.minecraft.server.dedicated.DedicatedServer/]: <The_Dragon_589> tienes hilo??
[16Feb2025 00:14:36.130] [Server thread/INFO] [net.minecraft.server.dedicated.DedicatedServer/]: <The_Dragon_589> :C
[16Feb2025 00:14:47.385] [Server thread/INFO] [net.minecraft.server.dedicated.DedicatedServer/]: [The_Dragon_589: Teleported The_Dragon_589 to 46.500000, 21.500000, 712.500000]
[16Feb2025 00:15:57.090] [Server thread/INFO] [net.minecraft.server.dedicated.DedicatedServer/]: <The_Dragon_589> tienes cuero??
[16Feb2025 00:16:04.810] [Server thread/INFO] [net.minecraft.server.dedicated.DedicatedServer/]: [The_Dragon_589: Teleported The_Dragon_589 to zalvro]
[16Feb2025 00:16:48.529] [Server thread/INFO] [net.minecraft.server.dedicated.DedicatedServer/]: <The_Dragon_589> wa buscar vacas pa tu mochila
[16Feb2025 00:17:56.855] [Server thread/INFO] [net.minecraft.server.dedicated.DedicatedServer/]: <The_Dragon_589> mano un barcoooooooo
[16Feb2025 00:18:04.524] [Server thread/INFO] [net.minecraft.server.dedicated.DedicatedServer/]: The_Dragon_589 was slain by Vindicator
[16Feb2025 00:18:05.113] [Server thread/INFO] [tombstone/]: The player The_Dragon_589 has successfully been saved
[16Feb2025 00:18:10.528] [Server thread/INFO] [net.minecraft.server.dedicated.DedicatedServer/]: <The_Dragon_589> .__.
[16Feb2025 00:18:58.402] [Server thread/INFO] [net.minecraft.server.dedicated.DedicatedServer/]: <The_Dragon_589> no habia ni mrd
[16Feb2025 00:19:09.625] [Server thread/INFO] [net.minecraft.server.dedicated.DedicatedServer/]: <The_Dragon_589> leche mano
[16Feb2025 00:19:21.088] [Server thread/INFO] [net.minecraft.server.dedicated.DedicatedServer/]: <The_Dragon_589> zi
[16Feb2025 00:21:34.198] [Server thread/INFO] [net.minecraft.server.dedicated.DedicatedServer/]: The_Dragon_589 fell from a high place
[16Feb2025 00:21:34.949] [Server thread/INFO] [tombstone/]: The player The_Dragon_589 has successfully been saved
[16Feb2025 00:21:42.075] [Server thread/INFO] [net.minecraft.server.dedicated.DedicatedServer/]: <The_Dragon_589> hola ya volvi
[16Feb2025 00:21:47.979] [Server thread/INFO] [net.minecraft.server.dedicated.DedicatedServer/]: <The_Dragon_589> ZZZ
[16Feb2025 00:25:01.555] [Server thread/INFO] [net.minecraft.server.dedicated.DedicatedServer/]: <The_Dragon_589> tierra a la vistaaaa
[16Feb2025 00:25:18.764] [Server thread/INFO] [net.minecraft.server.dedicated.DedicatedServer/]: <The_Dragon_589> zi
[16Feb2025 00:26:46.989] [Server thread/INFO] [net.minecraft.server.dedicated.DedicatedServer/]: <The_Dragon_589> y si nos mudamos aqui??
[16Feb2025 00:26:57.079] [Server thread/INFO] [net.minecraft.server.dedicated.DedicatedServer/]: <The_Dragon_589> XD
[16Feb2025 00:27:33.680] [Server thread/INFO] [net.minecraft.server.dedicated.DedicatedServer/]: <The_Dragon_589> pt es otra isla
[16Feb2025 00:32:26.311] [Server thread/INFO] [net.minecraft.server.dedicated.DedicatedServer/]: [The_Dragon_589: Teleported The_Dragon_589 to zalvro]
[16Feb2025 00:32:39.584] [Server thread/INFO] [net.minecraft.server.dedicated.DedicatedServer/]: <The_Dragon_589> toma
[16Feb2025 00:32:49.184] [Server thread/INFO] [net.minecraft.server.dedicated.DedicatedServer/]: <The_Dragon_589> y esto mas
[16Feb2025 00:33:32.977] [Server thread/INFO] [net.minecraft.server.dedicated.DedicatedServer/]: <The_Dragon_589> dame hierro
[16Feb2025 00:33:34.321] [Server thread/INFO] [net.minecraft.server.dedicated.DedicatedServer/]: <The_Dragon_589> 8
[16Feb2025 00:33:43.991] [Server thread/INFO] [net.minecraft.server.dedicated.DedicatedServer/]: <The_Dragon_589> y oro si tienes
[16Feb2025 00:34:03.444] [Server thread/INFO] [net.minecraft.server.dedicated.DedicatedServer/]: <The_Dragon_589> toma
[16Feb2025 00:35:12.715] [Server thread/INFO] [net.minecraft.server.dedicated.DedicatedServer/]: <The_Dragon_589> causa ya me voy
[16Feb2025 00:35:13.505] [Server thread/INFO] [net.minecraft.server.dedicated.DedicatedServer/]: <zalvro> zzzz
[16Feb2025 00:35:24.433] [Server thread/INFO] [net.minecraft.server.dedicated.DedicatedServer/]: <The_Dragon_589> mañana jugamos pe
[16Feb2025 00:35:39.245] [Server thread/INFO] [net.minecraft.server.dedicated.DedicatedServer/]: <The_Dragon_589> porque
[16Feb2025 00:36:22.642] [Server thread/INFO] [net.minecraft.server.dedicated.DedicatedServer/]: <The_Dragon_589> ya mano
[16Feb2025 00:36:30.353] [Server thread/INFO] [net.minecraft.server.dedicated.DedicatedServer/]: <The_Dragon_589> entonces otro dia jugamos pe
[16Feb2025 00:36:49.142] [Server thread/INFO] [net.minecraft.server.dedicated.DedicatedServer/]: <The_Dragon_589> chau
[16Feb2025 00:36:51.623] [Server thread/INFO] [net.minecraft.server.network.ServerGamePacketListenerImpl/]: zalvro lost connection: Disconnected
[16Feb2025 00:36:51.624] [Server thread/INFO] [net.minecraft.server.dedicated.DedicatedServer/]: zalvro left the game
[16Feb2025 00:36:56.069] [Server thread/INFO] [net.minecraft.server.network.ServerGamePacketListenerImpl/]: The_Dragon_589 lost connection: Disconnected
[16Feb2025 00:36:56.070] [Server thread/INFO] [net.minecraft.server.dedicated.DedicatedServer/]: The_Dragon_589 left the game
[16Feb2025 00:37:18.517] [Server thread/INFO] [net.minecraft.server.dedicated.DedicatedServer/]: Unknown or incomplete command, see below for error
[16Feb2025 00:37:18.538] [Server thread/INFO] [net.minecraft.server.dedicated.DedicatedServer/]: closed<--[HERE]
[16Feb2025 00:37:21.418] [Server thread/INFO] [net.minecraft.server.dedicated.DedicatedServer/]: /advancement (grant|revoke)
[16Feb2025 00:37:21.418] [Server thread/INFO] [net.minecraft.server.dedicated.DedicatedServer/]: /attribute <target> <attribute> (get|base|modifier)
[16Feb2025 00:37:21.419] [Server thread/INFO] [net.minecraft.server.dedicated.DedicatedServer/]: /execute (run|if|unless|as|at|store|positioned|rotated|facing|align|anchored|in)
[16Feb2025 00:37:21.419] [Server thread/INFO] [net.minecraft.server.dedicated.DedicatedServer/]: /bossbar (add|remove|list|set|get)
[16Feb2025 00:37:21.420] [Server thread/INFO] [net.minecraft.server.dedicated.DedicatedServer/]: /clear [<targets>]
[16Feb2025 00:37:21.421] [Server thread/INFO] [net.minecraft.server.dedicated.DedicatedServer/]: /clone <begin> <end> <destination> [replace|masked|filtered]
[16Feb2025 00:37:21.421] [Server thread/INFO] [net.minecraft.server.dedicated.DedicatedServer/]: /data (merge|get|remove|modify)
[16Feb2025 00:37:21.421] [Server thread/INFO] [net.minecraft.server.dedicated.DedicatedServer/]: /datapack (enable|disable|list)
[16Feb2025 00:37:21.422] [Server thread/INFO] [net.minecraft.server.dedicated.DedicatedServer/]: /debug (start|stop|function)
[16Feb2025 00:37:21.422] [Server thread/INFO] [net.minecraft.server.dedicated.DedicatedServer/]: /defaultgamemode (survival|creative|adventure|spectator)
[16Feb2025 00:37:21.423] [Server thread/INFO] [net.minecraft.server.dedicated.DedicatedServer/]: /difficulty [peaceful|easy|normal|hard]
[16Feb2025 00:37:21.423] [Server thread/INFO] [net.minecraft.server.dedicated.DedicatedServer/]: /effect (clear|give)
[16Feb2025 00:37:21.423] [Server thread/INFO] [net.minecraft.server.dedicated.DedicatedServer/]: /me <action>
[16Feb2025 00:37:21.423] [Server thread/INFO] [net.minecraft.server.dedicated.DedicatedServer/]: /enchant <targets> <enchantment> [<level>]
[16Feb2025 00:37:21.423] [Server thread/INFO] [net.minecraft.server.dedicated.DedicatedServer/]: /experience (add|set|query)
[16Feb2025 00:37:21.423] [Server thread/INFO] [net.minecraft.server.dedicated.DedicatedServer/]: /xp -> experience
[16Feb2025 00:37:21.424] [Server thread/INFO] [net.minecraft.server.dedicated.DedicatedServer/]: /fill <from> <to> <block> [replace|keep|outline|hollow|destroy]
[16Feb2025 00:37:21.424] [Server thread/INFO] [net.minecraft.server.dedicated.DedicatedServer/]: /forceload (add|remove|query)
[16Feb2025 00:37:21.425] [Server thread/INFO] [net.minecraft.server.dedicated.DedicatedServer/]: /function <name>
[16Feb2025 00:37:21.426] [Server thread/INFO] [net.minecraft.server.dedicated.DedicatedServer/]: /gamemode (survival|creative|adventure|spectator)
[16Feb2025 00:37:21.427] [Server thread/INFO] [net.minecraft.server.dedicated.DedicatedServer/]: /gamerule (announceAdvancements|commandBlockOutput|disableElytraMovementCheck|disableRaids|doDaylightCycle|doEntityDrops|doFireTick|doImmediateRespawn|doInsomnia|doLimitedCrafting|doMobLoot|doMobSpawning|doPatrolSpawning|doTileDrops|doTraderSpawning|doWeatherCycle|drowningDamage|fallDamage|fireDamage|forgiveDeadPlayers|freezeDamage|keepInventory|logAdminCommands|maxCommandChainLength|maxEntityCramming|mobGriefing|naturalRegeneration|playersSleepingPercentage|randomTickSpeed|reducedDebugInfo|sendCommandFeedback|showDeathMessages|sonsGriefing|spawnRadius|spectatorsGenerateChunks|universalAnger|wistiverJawLimit)
[16Feb2025 00:37:21.427] [Server thread/INFO] [net.minecraft.server.dedicated.DedicatedServer/]: /give <targets> <item> [<count>]
[16Feb2025 00:37:21.429] [Server thread/INFO] [net.minecraft.server.dedicated.DedicatedServer/]: /help [<command>]
[16Feb2025 00:37:21.430] [Server thread/INFO] [net.minecraft.server.dedicated.DedicatedServer/]: /item (replace|modify)
[16Feb2025 00:37:21.431] [Server thread/INFO] [net.minecraft.server.dedicated.DedicatedServer/]: /kick <targets> [<reason>]
[16Feb2025 00:37:21.432] [Server thread/INFO] [net.minecraft.server.dedicated.DedicatedServer/]: /kill [<targets>]
[16Feb2025 00:37:21.432] [Server thread/INFO] [net.minecraft.server.dedicated.DedicatedServer/]: /list [uuids]
[16Feb2025 00:37:21.432] [Server thread/INFO] [net.minecraft.server.dedicated.DedicatedServer/]: /locate <structure>
[16Feb2025 00:37:21.432] [Server thread/INFO] [net.minecraft.server.dedicated.DedicatedServer/]: /locatebiome <biome>
[16Feb2025 00:37:21.433] [Server thread/INFO] [net.minecraft.server.dedicated.DedicatedServer/]: /loot (replace|insert|give|spawn)
[16Feb2025 00:37:21.433] [Server thread/INFO] [net.minecraft.server.dedicated.DedicatedServer/]: /msg <targets> <message>
[16Feb2025 00:37:21.433] [Server thread/INFO] [net.minecraft.server.dedicated.DedicatedServer/]: /tell -> msg
[16Feb2025 00:37:21.433] [Server thread/INFO] [net.minecraft.server.dedicated.DedicatedServer/]: /w -> msg
[16Feb2025 00:37:21.433] [Server thread/INFO] [net.minecraft.server.dedicated.DedicatedServer/]: /particle <name> [<pos>]
[16Feb2025 00:37:21.433] [Server thread/INFO] [net.minecraft.server.dedicated.DedicatedServer/]: /placefeature <feature> [<pos>]
[16Feb2025 00:37:21.433] [Server thread/INFO] [net.minecraft.server.dedicated.DedicatedServer/]: /playsound <sound> (master|music|record|weather|block|hostile|neutral|player|ambient|voice)
[16Feb2025 00:37:21.434] [Server thread/INFO] [net.minecraft.server.dedicated.DedicatedServer/]: /reload
[16Feb2025 00:37:21.434] [Server thread/INFO] [net.minecraft.server.dedicated.DedicatedServer/]: /recipe (give|take)
[16Feb2025 00:37:21.434] [Server thread/INFO] [net.minecraft.server.dedicated.DedicatedServer/]: /say <message>
[16Feb2025 00:37:21.434] [Server thread/INFO] [net.minecraft.server.dedicated.DedicatedServer/]: /schedule (function|clear)
[16Feb2025 00:37:21.435] [Server thread/INFO] [net.minecraft.server.dedicated.DedicatedServer/]: /scoreboard (objectives|players)
[16Feb2025 00:37:21.436] [Server thread/INFO] [net.minecraft.server.dedicated.DedicatedServer/]: /seed
[16Feb2025 00:37:21.436] [Server thread/INFO] [net.minecraft.server.dedicated.DedicatedServer/]: /setblock <pos> <block> [destroy|keep|replace]
[16Feb2025 00:37:21.436] [Server thread/INFO] [net.minecraft.server.dedicated.DedicatedServer/]: /spawnpoint [<targets>]
[16Feb2025 00:37:21.437] [Server thread/INFO] [net.minecraft.server.dedicated.DedicatedServer/]: /setworldspawn [<pos>]
[16Feb2025 00:37:21.437] [Server thread/INFO] [net.minecraft.server.dedicated.DedicatedServer/]: /spectate [<target>]
[16Feb2025 00:37:21.437] [Server thread/INFO] [net.minecraft.server.dedicated.DedicatedServer/]: /spreadplayers <center> <spreadDistance> <maxRange> (<respectTeams>|under)
[16Feb2025 00:37:21.437] [Server thread/INFO] [net.minecraft.server.dedicated.DedicatedServer/]: /stopsound <targets> [*|master|music|record|weather|block|hostile|neutral|player|ambient|voice]
[16Feb2025 00:37:21.437] [Server thread/INFO] [net.minecraft.server.dedicated.DedicatedServer/]: /summon <entity> [<pos>]
[16Feb2025 00:37:21.437] [Server thread/INFO] [net.minecraft.server.dedicated.DedicatedServer/]: /tag <targets> (add|remove|list)
[16Feb2025 00:37:21.438] [Server thread/INFO] [net.minecraft.server.dedicated.DedicatedServer/]: /team (list|add|remove|empty|join|leave|modify)
[16Feb2025 00:37:21.438] [Server thread/INFO] [net.minecraft.server.dedicated.DedicatedServer/]: /teammsg <message>
[16Feb2025 00:37:21.438] [Server thread/INFO] [net.minecraft.server.dedicated.DedicatedServer/]: /tm -> teammsg
[16Feb2025 00:37:21.438] [Server thread/INFO] [net.minecraft.server.dedicated.DedicatedServer/]: /teleport (<location>|<destination>|<targets>)
[16Feb2025 00:37:21.439] [Server thread/INFO] [net.minecraft.server.dedicated.DedicatedServer/]: /tp -> teleport
[16Feb2025 00:37:21.439] [Server thread/INFO] [net.minecraft.server.dedicated.DedicatedServer/]: /tellraw <targets> <message>
[16Feb2025 00:37:21.439] [Server thread/INFO] [net.minecraft.server.dedicated.DedicatedServer/]: /time (set|add|query)
[16Feb2025 00:37:21.440] [Server thread/INFO] [net.minecraft.server.dedicated.DedicatedServer/]: /title <targets> (clear|reset|title|subtitle|actionbar|times)
[16Feb2025 00:37:21.440] [Server thread/INFO] [net.minecraft.server.dedicated.DedicatedServer/]: /trigger <objective> [add|set]
[16Feb2025 00:37:21.440] [Server thread/INFO] [net.minecraft.server.dedicated.DedicatedServer/]: /weather (clear|rain|thunder)
[16Feb2025 00:37:21.441] [Server thread/INFO] [net.minecraft.server.dedicated.DedicatedServer/]: /worldborder (add|set|center|damage|get|warning)
[16Feb2025 00:37:21.441] [Server thread/INFO] [net.minecraft.server.dedicated.DedicatedServer/]: /jfr (start|stop)
[16Feb2025 00:37:21.441] [Server thread/INFO] [net.minecraft.server.dedicated.DedicatedServer/]: /ban-ip <target> [<reason>]
[16Feb2025 00:37:21.441] [Server thread/INFO] [net.minecraft.server.dedicated.DedicatedServer/]: /banlist [ips|players]
[16Feb2025 00:37:21.441] [Server thread/INFO] [net.minecraft.server.dedicated.DedicatedServer/]: /ban <targets> [<reason>]
[16Feb2025 00:37:21.442] [Server thread/INFO] [net.minecraft.server.dedicated.DedicatedServer/]: /deop <targets>
[16Feb2025 00:37:21.442] [Server thread/INFO] [net.minecraft.server.dedicated.DedicatedServer/]: /op <targets>
[16Feb2025 00:37:21.442] [Server thread/INFO] [net.minecraft.server.dedicated.DedicatedServer/]: /pardon <targets>
[16Feb2025 00:37:21.442] [Server thread/INFO] [net.minecraft.server.dedicated.DedicatedServer/]: /pardon-ip <target>
[16Feb2025 00:37:21.442] [Server thread/INFO] [net.minecraft.server.dedicated.DedicatedServer/]: /perf (start|stop)
[16Feb2025 00:37:21.442] [Server thread/INFO] [net.minecraft.server.dedicated.DedicatedServer/]: /save-all [flush]
[16Feb2025 00:37:21.442] [Server thread/INFO] [net.minecraft.server.dedicated.DedicatedServer/]: /save-off
[16Feb2025 00:37:21.443] [Server thread/INFO] [net.minecraft.server.dedicated.DedicatedServer/]: /save-on
[16Feb2025 00:37:21.443] [Server thread/INFO] [net.minecraft.server.dedicated.DedicatedServer/]: /setidletimeout <minutes>
[16Feb2025 00:37:21.443] [Server thread/INFO] [net.minecraft.server.dedicated.DedicatedServer/]: /stop
[16Feb2025 00:37:21.443] [Server thread/INFO] [net.minecraft.server.dedicated.DedicatedServer/]: /whitelist (on|off|list|add|remove|reload)
[16Feb2025 00:37:21.444] [Server thread/INFO] [net.minecraft.server.dedicated.DedicatedServer/]: /tbrestoreinventory [<player>]
[16Feb2025 00:37:21.444] [Server thread/INFO] [net.minecraft.server.dedicated.DedicatedServer/]: /tbshowlastgrave [<player>]
[16Feb2025 00:37:21.444] [Server thread/INFO] [net.minecraft.server.dedicated.DedicatedServer/]: /tbknowledge [<player>]
[16Feb2025 00:37:21.444] [Server thread/INFO] [net.minecraft.server.dedicated.DedicatedServer/]: /tbacceptteleport [<target>]
[16Feb2025 00:37:21.444] [Server thread/INFO] [net.minecraft.server.dedicated.DedicatedServer/]: /tbsiege [start|stop]
[16Feb2025 00:37:21.445] [Server thread/INFO] [net.minecraft.server.dedicated.DedicatedServer/]: /tbrecovery [save_all_players|save_player|load_player]
[16Feb2025 00:37:21.445] [Server thread/INFO] [net.minecraft.server.dedicated.DedicatedServer/]: /tbrevivefamiliar [<player>]
[16Feb2025 00:37:21.445] [Server thread/INFO] [net.minecraft.server.dedicated.DedicatedServer/]: /tbrequestteleport [<target>]
[16Feb2025 00:37:21.445] [Server thread/INFO] [net.minecraft.server.dedicated.DedicatedServer/]: /tbbind [show|set|teleport]
[16Feb2025 00:37:21.445] [Server thread/INFO] [net.minecraft.server.dedicated.DedicatedServer/]: /tbteleport [pos|player|grave|death|home|discovery|biome]
[16Feb2025 00:37:21.445] [Server thread/INFO] [net.minecraft.server.dedicated.DedicatedServer/]: /forge (tps|track|entity|generate|dimensions|mods|tags)
[16Feb2025 00:37:21.445] [Server thread/INFO] [net.minecraft.server.dedicated.DedicatedServer/]: /config showfile <mod> <type>
[16Feb2025 00:37:21.446] [Server thread/INFO] [net.minecraft.server.dedicated.DedicatedServer/]: /curios (list|replace|set|add|remove|clear|drop|reset)
[16Feb2025 00:37:21.446] [Server thread/INFO] [net.minecraft.server.dedicated.DedicatedServer/]: /sbp (list|give|removeNonPlayer)
[16Feb2025 00:37:21.446] [Server thread/INFO] [net.minecraft.server.dedicated.DedicatedServer/]: /sophisticatedbackpacks -> sbp
[16Feb2025 00:37:21.447] [Server thread/INFO] [net.minecraft.server.dedicated.DedicatedServer/]: /carryon (debug|clear)
[16Feb2025 00:37:31.617] [Server thread/INFO] [net.minecraft.server.dedicated.DedicatedServer/]: Stopping the server
[16Feb2025 00:37:31.670] [Server thread/INFO] [net.minecraft.server.MinecraftServer/]: Stopping server
[16Feb2025 00:37:31.672] [Server thread/INFO] [net.minecraft.server.MinecraftServer/]: Saving players
[16Feb2025 00:37:31.672] [Server thread/INFO] [net.minecraft.server.MinecraftServer/]: Saving worlds
[16Feb2025 00:37:33.347] [Server thread/INFO] [net.minecraft.server.MinecraftServer/]: Saving chunks for level 'ServerLevel[world]'/minecraft:overworld
[16Feb2025 00:37:33.417] [Server thread/INFO] [net.minecraft.server.MinecraftServer/]: Saving chunks for level 'ServerLevel[world]'/minecraft:the_end
[16Feb2025 00:37:33.418] [Server thread/INFO] [net.minecraft.server.MinecraftServer/]: Saving chunks for level 'ServerLevel[world]'/minecraft:the_nether
[16Feb2025 00:37:33.431] [Server thread/INFO] [net.minecraft.server.MinecraftServer/]: ThreadedAnvilChunkStorage (world): All chunks are saved
[16Feb2025 00:37:33.432] [Server thread/INFO] [net.minecraft.server.MinecraftServer/]: ThreadedAnvilChunkStorage (DIM1): All chunks are saved
[16Feb2025 00:37:33.432] [Server thread/INFO] [net.minecraft.server.MinecraftServer/]: ThreadedAnvilChunkStorage (DIM-1): All chunks are saved
[16Feb2025 00:37:33.432] [Server thread/INFO] [net.minecraft.server.MinecraftServer/]: ThreadedAnvilChunkStorage: All dimensions are saved
